<?xml version="1.0" encoding="UTF-8"?>
<!-- Generated by org.testng.reporters.JUnitReportReporter -->
<testsuite skipped="0" hostname="DESKTOP-NQ73322" name="org.ActiTime.testscripts.CreateCustomer" tests="1" failures="0" timestamp="2020-01-27T16:09:23 IST" time="3.381" errors="0">
  <testcase name="testCreateCustomer" time="3.381" classname="org.ActiTime.testscripts.CreateCustomer"/>
  <system-out/>
</testsuite> <!-- org.ActiTime.testscripts.CreateCustomer -->
