<?xml version="1.0" encoding="UTF-8"?>
<!-- Generated by org.testng.reporters.JUnitReportReporter -->
<testsuite skipped="0" hostname="DESKTOP-NQ73322" name="org.ActiTime.testscripts.CreateProject" tests="1" failures="0" timestamp="2020-01-27T16:09:23 IST" time="2.535" errors="0">
  <testcase name="testCreateProject" time="2.535" classname="org.ActiTime.testscripts.CreateProject"/>
  <system-out/>
</testsuite> <!-- org.ActiTime.testscripts.CreateProject -->
